
ROM used:   79/8192 (1%)
            79/8192 (1%) including unused fragments

            0.1 Average locations per line
            5.3 Average locations per statement

RAM used:   6/368 (2%) at main() level
            6/368 (2%) worst case

Stack used: 0 worst case (0 in main + 0 for interrupts)
Stack size: 8

Lines Stmts  %   Files
----- ----- ---  -----
   54    15 100  Comunicación Serial.c
  786     0   0  ..\..\..\..\..\Program Files\PICC\Devices\16F887.h
----- -----
  840    15 Total

Page ROM  %  RAM    Vol Diff  Functions:
---- --- --- ---    --- ----  ----------
0     75  95    1    290  3.5  main
 Inline         0    165  3.3  @cinit1

Program metrics:
    Functions               2
    Statements              15
    Comments                163
    Volume (V)              546
    Difficulty (D)          6.8
    Effort to implement (E) 3695
    Time to implement (T)   3 minutes
    Est Delivered Bugs (B)  0
    Cyclomatic Complexity   4
    Maintainability (MI)    158

 Segment     Used  Free
-----------  ----  ----
00000-00003     4  0  
00004-007FF    75  1969  
00800-00FFF     0  2048  
01000-017FF     0  2048  
01800-01FFF     0  2048  



